Warnings in file C:\Users\cajhm\OneDrive - Singapore University of Technology and Design\Y2T4\comp struct 50.002\fpga\slowclock_rst\source\au_top.luc:
    Line 12, Column 1 : "io_dip" was never used
    Line 11, Column 1 : "io_button" was never used
Starting Vivado...

****** Vivado v2020.2 (64-bit)
  **** SW Build 3064766 on Wed Nov 18 09:12:45 MST 2020
  **** IP Build 3064653 on Wed Nov 18 14:17:31 MST 2020
    ** Copyright 1986-2020 Xilinx, Inc. All Rights Reserved.

source {C:\Users\cajhm\OneDrive - Singapore University of Technology and Design\Y2T4\comp struct 50.002\fpga\slowclock_rst\work\project.tcl}
# set projDir "C:/Users/cajhm/OneDrive\ -\ Singapore\ University\ of\ Technology\ and\ Design/Y2T4/comp\ struct\ 50.002/fpga/slowclock_rst/work/vivado"
# set projName "slowclock_rst"
# set topName top
# set device xc7a35tftg256-1
# if {[file exists "$projDir/$projName"]} { file delete -force "$projDir/$projName" }
# create_project $projName "$projDir/$projName" -part $device
INFO: [ProjectBase 1-489] The host OS only allows 260 characters in a normal path. The project is stored in a path with more than 80 characters. If you experience issues with IP, Block Designs, or files not being found, please consider moving the project to a location with a shorter path. Alternately consider using the OS subst command to map part of the path to a drive letter.
Current project path is 'C:/Users/cajhm/OneDrive - Singapore University of Technology and Design/Y2T4/comp struct 50.002/fpga/slowclock_rst/work/vivado/slowclock_rst'
# set_property design_mode RTL [get_filesets sources_1]
# set verilogSources [list "C:/Users/cajhm/OneDrive\ -\ Singapore\ University\ of\ Technology\ and\ Design/Y2T4/comp\ struct\ 50.002/fpga/slowclock_rst/work/verilog/au_top_0.v" "C:/Users/cajhm/OneDrive\ -\ Singapore\ University\ of\ Technology\ and\ Design/Y2T4/comp\ struct\ 50.002/fpga/slowclock_rst/work/verilog/seq_plus_varySlow_1.v" "C:/Users/cajhm/OneDrive\ -\ Singapore\ University\ of\ Technology\ and\ Design/Y2T4/comp\ struct\ 50.002/fpga/slowclock_rst/work/verilog/reset_conditioner_2.v" "C:/Users/cajhm/OneDrive\ -\ Singapore\ University\ of\ Technology\ and\ Design/Y2T4/comp\ struct\ 50.002/fpga/slowclock_rst/work/verilog/eight_bit_adder_3.v" "C:/Users/cajhm/OneDrive\ -\ Singapore\ University\ of\ Technology\ and\ Design/Y2T4/comp\ struct\ 50.002/fpga/slowclock_rst/work/verilog/counter_4.v" "C:/Users/cajhm/OneDrive\ -\ Singapore\ University\ of\ Technology\ and\ Design/Y2T4/comp\ struct\ 50.002/fpga/slowclock_rst/work/verilog/edge_detector_5.v" "C:/Users/cajhm/OneDrive\ -\ Singapore\ University\ of\ Technology\ and\ Design/Y2T4/comp\ struct\ 50.002/fpga/slowclock_rst/work/verilog/full_adder_6.v" ]
# import_files -fileset [get_filesets sources_1] -force -norecurse $verilogSources
# set xdcSources [list "C:/Users/cajhm/OneDrive\ -\ Singapore\ University\ of\ Technology\ and\ Design/Y2T4/comp\ struct\ 50.002/fpga/slowclock_rst/work/constraint/alchitry.xdc" "C:/Users/cajhm/OneDrive\ -\ Singapore\ University\ of\ Technology\ and\ Design/Y2T4/comp\ struct\ 50.002/fpga/slowclock_rst/work/constraint/io.xdc" "C:/Program\ Files/Alchitry/Alchitry\ Labs/library/components/au.xdc" ]
# read_xdc $xdcSources
# set_property STEPS.WRITE_BITSTREAM.ARGS.BIN_FILE true [get_runs impl_1]
# update_compile_order -fileset sources_1
# launch_runs -runs synth_1 -jobs 8

[Sat Mar  5 12:58:57 2022] Launched synth_1...
Run output will be captured here: C:/Users/cajhm/OneDrive - Singapore University of Technology and Design/Y2T4/comp struct 50.002/fpga/slowclock_rst/work/vivado/slowclock_rst/slowclock_rst.runs/synth_1/runme.log
# wait_on_run synth_1
[Sat Mar  5 12:58:57 2022] Waiting for synth_1 to finish...

*** Running vivado
    with args -log au_top_0.vds -m64 -product Vivado -mode batch -messageDb vivado.pb -notrace -source au_top_0.tcl



****** Vivado v2020.2 (64-bit)
  **** SW Build 3064766 on Wed Nov 18 09:12:45 MST 2020
  **** IP Build 3064653 on Wed Nov 18 14:17:31 MST 2020
    ** Copyright 1986-2020 Xilinx, Inc. All Rights Reserved.

source au_top_0.tcl -notrace
Command: synth_design -top au_top_0 -part xc7a35tftg256-1
Starting synth_design
Attempting to get a license for feature 'Synthesis' and/or device 'xc7a35t'
INFO: [Common 17-349] Got license for feature 'Synthesis' and/or device 'xc7a35t'
INFO: [Device 21-403] Loading part xc7a35tftg256-1
INFO: [Synth 8-7079] Multithreading enabled for synth_design using a maximum of 2 processes.
INFO: [Synth 8-7078] Launching helper process for spawning children vivado processes
INFO: [Synth 8-7075] Helper process launched with PID 2944
---------------------------------------------------------------------------------
Starting RTL Elaboration : Time (s): cpu = 00:00:06 ; elapsed = 00:00:06 . Memory (MB): peak = 1019.051 ; gain = 0.000
---------------------------------------------------------------------------------
INFO: [Synth 8-6157] synthesizing module 'au_top_0' [C:/Users/cajhm/OneDrive - Singapore University of Technology and Design/Y2T4/comp struct 50.002/fpga/slowclock_rst/work/vivado/slowclock_rst/slowclock_rst.srcs/sources_1/imports/verilog/au_top_0.v:7]
INFO: [Synth 8-6157] synthesizing module 'seq_plus_varySlow_1' [C:/Users/cajhm/OneDrive - Singapore University of Technology and Design/Y2T4/comp struct 50.002/fpga/slowclock_rst/work/vivado/slowclock_rst/slowclock_rst.srcs/sources_1/imports/verilog/seq_plus_varySlow_1.v:7]
	Parameter SLOWCLOCK_SIZE bound to: 5'b11011 
	Parameter S0_y_controller bound to: 2'b00 
	Parameter S1_y_controller bound to: 2'b01 
	Parameter S2_y_controller bound to: 2'b10 
INFO: [Synth 8-6157] synthesizing module 'eight_bit_adder_3' [C:/Users/cajhm/OneDrive - Singapore University of Technology and Design/Y2T4/comp struct 50.002/fpga/slowclock_rst/work/vivado/slowclock_rst/slowclock_rst.srcs/sources_1/imports/verilog/eight_bit_adder_3.v:7]
INFO: [Synth 8-6157] synthesizing module 'full_adder_6' [C:/Users/cajhm/OneDrive - Singapore University of Technology and Design/Y2T4/comp struct 50.002/fpga/slowclock_rst/work/vivado/slowclock_rst/slowclock_rst.srcs/sources_1/imports/verilog/full_adder_6.v:7]
INFO: [Synth 8-6155] done synthesizing module 'full_adder_6' (1#1) [C:/Users/cajhm/OneDrive - Singapore University of Technology and Design/Y2T4/comp struct 50.002/fpga/slowclock_rst/work/vivado/slowclock_rst/slowclock_rst.srcs/sources_1/imports/verilog/full_adder_6.v:7]
INFO: [Synth 8-6155] done synthesizing module 'eight_bit_adder_3' (2#1) [C:/Users/cajhm/OneDrive - Singapore University of Technology and Design/Y2T4/comp struct 50.002/fpga/slowclock_rst/work/vivado/slowclock_rst/slowclock_rst.srcs/sources_1/imports/verilog/eight_bit_adder_3.v:7]
INFO: [Synth 8-6157] synthesizing module 'counter_4' [C:/Users/cajhm/OneDrive - Singapore University of Technology and Design/Y2T4/comp struct 50.002/fpga/slowclock_rst/work/vivado/slowclock_rst/slowclock_rst.srcs/sources_1/imports/verilog/counter_4.v:14]
	Parameter SIZE bound to: 5'b11011 
	Parameter DIV bound to: 1'b0 
	Parameter TOP bound to: 1'b0 
	Parameter UP bound to: 1'b1 
	Parameter MAX_VALUE bound to: 1'b0 
INFO: [Synth 8-6155] done synthesizing module 'counter_4' (3#1) [C:/Users/cajhm/OneDrive - Singapore University of Technology and Design/Y2T4/comp struct 50.002/fpga/slowclock_rst/work/vivado/slowclock_rst/slowclock_rst.srcs/sources_1/imports/verilog/counter_4.v:14]
INFO: [Synth 8-6157] synthesizing module 'edge_detector_5' [C:/Users/cajhm/OneDrive - Singapore University of Technology and Design/Y2T4/comp struct 50.002/fpga/slowclock_rst/work/vivado/slowclock_rst/slowclock_rst.srcs/sources_1/imports/verilog/edge_detector_5.v:12]
	Parameter RISE bound to: 1'b1 
	Parameter FALL bound to: 1'b0 
INFO: [Synth 8-6155] done synthesizing module 'edge_detector_5' (4#1) [C:/Users/cajhm/OneDrive - Singapore University of Technology and Design/Y2T4/comp struct 50.002/fpga/slowclock_rst/work/vivado/slowclock_rst/slowclock_rst.srcs/sources_1/imports/verilog/edge_detector_5.v:12]
INFO: [Synth 8-155] case statement is not full and has no default [C:/Users/cajhm/OneDrive - Singapore University of Technology and Design/Y2T4/comp struct 50.002/fpga/slowclock_rst/work/vivado/slowclock_rst/slowclock_rst.srcs/sources_1/imports/verilog/seq_plus_varySlow_1.v:63]
INFO: [Synth 8-6155] done synthesizing module 'seq_plus_varySlow_1' (5#1) [C:/Users/cajhm/OneDrive - Singapore University of Technology and Design/Y2T4/comp struct 50.002/fpga/slowclock_rst/work/vivado/slowclock_rst/slowclock_rst.srcs/sources_1/imports/verilog/seq_plus_varySlow_1.v:7]
INFO: [Synth 8-6157] synthesizing module 'reset_conditioner_2' [C:/Users/cajhm/OneDrive - Singapore University of Technology and Design/Y2T4/comp struct 50.002/fpga/slowclock_rst/work/vivado/slowclock_rst/slowclock_rst.srcs/sources_1/imports/verilog/reset_conditioner_2.v:11]
	Parameter STAGES bound to: 3'b100 
INFO: [Synth 8-6155] done synthesizing module 'reset_conditioner_2' (6#1) [C:/Users/cajhm/OneDrive - Singapore University of Technology and Design/Y2T4/comp struct 50.002/fpga/slowclock_rst/work/vivado/slowclock_rst/slowclock_rst.srcs/sources_1/imports/verilog/reset_conditioner_2.v:11]
INFO: [Synth 8-6155] done synthesizing module 'au_top_0' (7#1) [C:/Users/cajhm/OneDrive - Singapore University of Technology and Design/Y2T4/comp struct 50.002/fpga/slowclock_rst/work/vivado/slowclock_rst/slowclock_rst.srcs/sources_1/imports/verilog/au_top_0.v:7]
---------------------------------------------------------------------------------
Finished RTL Elaboration : Time (s): cpu = 00:00:07 ; elapsed = 00:00:08 . Memory (MB): peak = 1019.051 ; gain = 0.000
---------------------------------------------------------------------------------
---------------------------------------------------------------------------------
Start Handling Custom Attributes
---------------------------------------------------------------------------------
---------------------------------------------------------------------------------
Finished Handling Custom Attributes : Time (s): cpu = 00:00:08 ; elapsed = 00:00:08 . Memory (MB): peak = 1019.051 ; gain = 0.000
---------------------------------------------------------------------------------
---------------------------------------------------------------------------------
Finished RTL Optimization Phase 1 : Time (s): cpu = 00:00:08 ; elapsed = 00:00:08 . Memory (MB): peak = 1019.051 ; gain = 0.000
---------------------------------------------------------------------------------
Netlist sorting complete. Time (s): cpu = 00:00:00 ; elapsed = 00:00:00.001 . Memory (MB): peak = 1019.051 ; gain = 0.000
INFO: [Project 1-570] Preparing netlist for logic optimization

Processing XDC Constraints
Initializing timing engine
Parsing XDC File [C:/Users/cajhm/OneDrive - Singapore University of Technology and Design/Y2T4/comp struct 50.002/fpga/slowclock_rst/work/constraint/alchitry.xdc]
Finished Parsing XDC File [C:/Users/cajhm/OneDrive - Singapore University of Technology and Design/Y2T4/comp struct 50.002/fpga/slowclock_rst/work/constraint/alchitry.xdc]
INFO: [Project 1-236] Implementation specific constraints were found while reading constraint file [C:/Users/cajhm/OneDrive - Singapore University of Technology and Design/Y2T4/comp struct 50.002/fpga/slowclock_rst/work/constraint/alchitry.xdc]. These constraints will be ignored for synthesis but will be used in implementation. Impacted constraints are listed in the file [.Xil/au_top_0_propImpl.xdc].
Resolution: To avoid this warning, move constraints listed in [.Xil/au_top_0_propImpl.xdc] to another XDC file and exclude this new file from synthesis with the used_in_synthesis property (File Properties dialog in GUI) and re-run elaboration/synthesis.
Parsing XDC File [C:/Users/cajhm/OneDrive - Singapore University of Technology and Design/Y2T4/comp struct 50.002/fpga/slowclock_rst/work/constraint/io.xdc]
Finished Parsing XDC File [C:/Users/cajhm/OneDrive - Singapore University of Technology and Design/Y2T4/comp struct 50.002/fpga/slowclock_rst/work/constraint/io.xdc]
INFO: [Project 1-236] Implementation specific constraints were found while reading constraint file [C:/Users/cajhm/OneDrive - Singapore University of Technology and Design/Y2T4/comp struct 50.002/fpga/slowclock_rst/work/constraint/io.xdc]. These constraints will be ignored for synthesis but will be used in implementation. Impacted constraints are listed in the file [.Xil/au_top_0_propImpl.xdc].
Resolution: To avoid this warning, move constraints listed in [.Xil/au_top_0_propImpl.xdc] to another XDC file and exclude this new file from synthesis with the used_in_synthesis property (File Properties dialog in GUI) and re-run elaboration/synthesis.
Parsing XDC File [C:/Program Files/Alchitry/Alchitry Labs/library/components/au.xdc]
Finished Parsing XDC File [C:/Program Files/Alchitry/Alchitry Labs/library/components/au.xdc]
Completed Processing XDC Constraints

Netlist sorting complete. Time (s): cpu = 00:00:00 ; elapsed = 00:00:00.001 . Memory (MB): peak = 1019.051 ; gain = 0.000
INFO: [Project 1-111] Unisim Transformation Summary:
No Unisim elements were transformed.

Constraint Validation Runtime : Time (s): cpu = 00:00:00 ; elapsed = 00:00:00.004 . Memory (MB): peak = 1019.051 ; gain = 0.000
---------------------------------------------------------------------------------
Finished Constraint Validation : Time (s): cpu = 00:00:18 ; elapsed = 00:00:19 . Memory (MB): peak = 1019.051 ; gain = 0.000
---------------------------------------------------------------------------------
---------------------------------------------------------------------------------
Start Loading Part and Timing Information
---------------------------------------------------------------------------------
Loading part: xc7a35tftg256-1
---------------------------------------------------------------------------------
Finished Loading Part and Timing Information : Time (s): cpu = 00:00:18 ; elapsed = 00:00:19 . Memory (MB): peak = 1019.051 ; gain = 0.000
---------------------------------------------------------------------------------
---------------------------------------------------------------------------------
Start Applying 'set_property' XDC Constraints
---------------------------------------------------------------------------------
---------------------------------------------------------------------------------
Finished applying 'set_property' XDC Constraints : Time (s): cpu = 00:00:18 ; elapsed = 00:00:19 . Memory (MB): peak = 1019.051 ; gain = 0.000
---------------------------------------------------------------------------------
INFO: [Synth 8-802] inferred FSM for state register 'M_y_controller_q_reg' in module 'seq_plus_varySlow_1'
---------------------------------------------------------------------------------------------------
                   State |                     New Encoding |                Previous Encoding 
---------------------------------------------------------------------------------------------------
         S0_y_controller |                              001 |                               00
         S1_y_controller |                              010 |                               01
         S2_y_controller |                              100 |                               10
---------------------------------------------------------------------------------------------------
INFO: [Synth 8-3354] encoded FSM with state register 'M_y_controller_q_reg' using encoding 'one-hot' in module 'seq_plus_varySlow_1'
---------------------------------------------------------------------------------
Finished RTL Optimization Phase 2 : Time (s): cpu = 00:00:18 ; elapsed = 00:00:20 . Memory (MB): peak = 1019.051 ; gain = 0.000
---------------------------------------------------------------------------------
---------------------------------------------------------------------------------
Start RTL Component Statistics 
---------------------------------------------------------------------------------
Detailed RTL Component Info : 
+---XORs : 
	   3 Input      1 Bit         XORs := 8     
+---Registers : 
	                8 Bit    Registers := 1     
	                4 Bit    Registers := 1     
	                1 Bit    Registers := 1     
+---Muxes : 
	   3 Input    4 Bit        Muxes := 1     
---------------------------------------------------------------------------------
Finished RTL Component Statistics 
---------------------------------------------------------------------------------
---------------------------------------------------------------------------------
Start Part Resource Summary
---------------------------------------------------------------------------------
Part Resources:
DSPs: 90 (col length:60)
BRAMs: 100 (col length: RAMB18 60 RAMB36 30)
---------------------------------------------------------------------------------
Finished Part Resource Summary
---------------------------------------------------------------------------------
---------------------------------------------------------------------------------
Start Cross Boundary and Area Optimization
---------------------------------------------------------------------------------
---------------------------------------------------------------------------------
Finished Cross Boundary and Area Optimization : Time (s): cpu = 00:00:21 ; elapsed = 00:00:22 . Memory (MB): peak = 1019.051 ; gain = 0.000
---------------------------------------------------------------------------------
---------------------------------------------------------------------------------
Start Applying XDC Timing Constraints
---------------------------------------------------------------------------------
---------------------------------------------------------------------------------
Finished Applying XDC Timing Constraints : Time (s): cpu = 00:00:31 ; elapsed = 00:00:33 . Memory (MB): peak = 1019.051 ; gain = 0.000
---------------------------------------------------------------------------------
---------------------------------------------------------------------------------
Start Timing Optimization
---------------------------------------------------------------------------------
---------------------------------------------------------------------------------
Finished Timing Optimization : Time (s): cpu = 00:00:31 ; elapsed = 00:00:33 . Memory (MB): peak = 1019.051 ; gain = 0.000
---------------------------------------------------------------------------------
---------------------------------------------------------------------------------
Start Technology Mapping
---------------------------------------------------------------------------------
---------------------------------------------------------------------------------
Finished Technology Mapping : Time (s): cpu = 00:00:31 ; elapsed = 00:00:33 . Memory (MB): peak = 1019.051 ; gain = 0.000
---------------------------------------------------------------------------------
---------------------------------------------------------------------------------
Start IO Insertion
---------------------------------------------------------------------------------
---------------------------------------------------------------------------------
Start Flattening Before IO Insertion
---------------------------------------------------------------------------------
---------------------------------------------------------------------------------
Finished Flattening Before IO Insertion
---------------------------------------------------------------------------------
---------------------------------------------------------------------------------
Start Final Netlist Cleanup
---------------------------------------------------------------------------------
---------------------------------------------------------------------------------
Finished Final Netlist Cleanup
---------------------------------------------------------------------------------
---------------------------------------------------------------------------------
Finished IO Insertion : Time (s): cpu = 00:00:38 ; elapsed = 00:00:40 . Memory (MB): peak = 1019.051 ; gain = 0.000
---------------------------------------------------------------------------------
---------------------------------------------------------------------------------
Start Renaming Generated Instances
---------------------------------------------------------------------------------
---------------------------------------------------------------------------------
Finished Renaming Generated Instances : Time (s): cpu = 00:00:38 ; elapsed = 00:00:40 . Memory (MB): peak = 1019.051 ; gain = 0.000
---------------------------------------------------------------------------------
---------------------------------------------------------------------------------
Start Rebuilding User Hierarchy
---------------------------------------------------------------------------------
---------------------------------------------------------------------------------
Finished Rebuilding User Hierarchy : Time (s): cpu = 00:00:38 ; elapsed = 00:00:40 . Memory (MB): peak = 1019.051 ; gain = 0.000
---------------------------------------------------------------------------------
---------------------------------------------------------------------------------
Start Renaming Generated Ports
---------------------------------------------------------------------------------
---------------------------------------------------------------------------------
Finished Renaming Generated Ports : Time (s): cpu = 00:00:38 ; elapsed = 00:00:40 . Memory (MB): peak = 1019.051 ; gain = 0.000
---------------------------------------------------------------------------------
---------------------------------------------------------------------------------
Start Handling Custom Attributes
---------------------------------------------------------------------------------
---------------------------------------------------------------------------------
Finished Handling Custom Attributes : Time (s): cpu = 00:00:38 ; elapsed = 00:00:40 . Memory (MB): peak = 1019.051 ; gain = 0.000
---------------------------------------------------------------------------------
---------------------------------------------------------------------------------
Start Renaming Generated Nets
---------------------------------------------------------------------------------
---------------------------------------------------------------------------------
Finished Renaming Generated Nets : Time (s): cpu = 00:00:38 ; elapsed = 00:00:40 . Memory (MB): peak = 1019.051 ; gain = 0.000
---------------------------------------------------------------------------------
---------------------------------------------------------------------------------
Start Writing Synthesis Report
---------------------------------------------------------------------------------

Report BlackBoxes: 
+-+--------------+----------+
| |BlackBox name |Instances |
+-+--------------+----------+
+-+--------------+----------+

Report Cell Usage: 
+------+-------+------+
|      |Cell   |Count |
+------+-------+------+
|1     |BUFG   |     1|
|2     |CARRY4 |     7|
|3     |LUT1   |     2|
|4     |LUT2   |     2|
|5     |LUT3   |     2|
|6     |LUT4   |     2|
|7     |LUT5   |     2|
|8     |LUT6   |     3|
|9     |FDRE   |    38|
|10    |FDSE   |     5|
|11    |IBUF   |     3|
|12    |OBUF   |    48|
+------+-------+------+
---------------------------------------------------------------------------------
Finished Writing Synthesis Report : Time (s): cpu = 00:00:38 ; elapsed = 00:00:40 . Memory (MB): peak = 1019.051 ; gain = 0.000
---------------------------------------------------------------------------------
Synthesis finished with 0 errors, 0 critical warnings and 0 warnings.
Synthesis Optimization Runtime : Time (s): cpu = 00:00:27 ; elapsed = 00:00:36 . Memory (MB): peak = 1019.051 ; gain = 0.000
Synthesis Optimization Complete : Time (s): cpu = 00:00:38 ; elapsed = 00:00:40 . Memory (MB): peak = 1019.051 ; gain = 0.000
INFO: [Project 1-571] Translating synthesized netlist
Netlist sorting complete. Time (s): cpu = 00:00:00 ; elapsed = 00:00:00.001 . Memory (MB): peak = 1019.051 ; gain = 0.000
INFO: [Netlist 29-17] Analyzing 7 Unisim elements for replacement
INFO: [Netlist 29-28] Unisim Transformation completed in 0 CPU seconds
INFO: [Project 1-570] Preparing netlist for logic optimization
INFO: [Opt 31-138] Pushed 0 inverter(s) to 0 load pin(s).
Netlist sorting complete. Time (s): cpu = 00:00:00 ; elapsed = 00:00:00 . Memory (MB): peak = 1019.051 ; gain = 0.000
INFO: [Project 1-111] Unisim Transformation Summary:
No Unisim elements were transformed.

INFO: [Common 17-83] Releasing license: Synthesis
33 Infos, 0 Warnings, 0 Critical Warnings and 0 Errors encountered.
synth_design completed successfully
synth_design: Time (s): cpu = 00:00:47 ; elapsed = 00:00:49 . Memory (MB): peak = 1019.051 ; gain = 19.531
INFO: [Common 17-1381] The checkpoint 'C:/Users/cajhm/OneDrive - Singapore University of Technology and Design/Y2T4/comp struct 50.002/fpga/slowclock_rst/work/vivado/slowclock_rst/slowclock_rst.runs/synth_1/au_top_0.dcp' has been generated.
INFO: [runtcl-4] Executing : report_utilization -file au_top_0_utilization_synth.rpt -pb au_top_0_utilization_synth.pb
INFO: [Common 17-206] Exiting Vivado at Sat Mar  5 12:59:51 2022...
[Sat Mar  5 12:59:53 2022] synth_1 finished
wait_on_run: Time (s): cpu = 00:00:00 ; elapsed = 00:00:55 . Memory (MB): peak = 1009.137 ; gain = 0.000
# launch_runs impl_1 -to_step write_bitstream -jobs 8
[Sat Mar  5 12:59:53 2022] Launched impl_1...
Run output will be captured here: C:/Users/cajhm/OneDrive - Singapore University of Technology and Design/Y2T4/comp struct 50.002/fpga/slowclock_rst/work/vivado/slowclock_rst/slowclock_rst.runs/impl_1/runme.log
# wait_on_run impl_1
[Sat Mar  5 12:59:53 2022] Waiting for impl_1 to finish...


*** Running vivado
    with args -log au_top_0.vdi -applog -m64 -product Vivado -messageDb vivado.pb -mode batch -source au_top_0.tcl -notrace



****** Vivado v2020.2 (64-bit)
  **** SW Build 3064766 on Wed Nov 18 09:12:45 MST 2020
  **** IP Build 3064653 on Wed Nov 18 14:17:31 MST 2020
    ** Copyright 1986-2020 Xilinx, Inc. All Rights Reserved.

source au_top_0.tcl -notrace
Command: link_design -top au_top_0 -part xc7a35tftg256-1
Design is defaulting to srcset: sources_1
Design is defaulting to constrset: constrs_1
INFO: [Device 21-403] Loading part xc7a35tftg256-1
Netlist sorting complete. Time (s): cpu = 00:00:00 ; elapsed = 00:00:00.002 . Memory (MB): peak = 1000.934 ; gain = 0.000
INFO: [Netlist 29-17] Analyzing 7 Unisim elements for replacement
INFO: [Netlist 29-28] Unisim Transformation completed in 0 CPU seconds
INFO: [Project 1-479] Netlist was created with Vivado 2020.2
INFO: [Project 1-570] Preparing netlist for logic optimization
Parsing XDC File [C:/Users/cajhm/OneDrive - Singapore University of Technology and Design/Y2T4/comp struct 50.002/fpga/slowclock_rst/work/constraint/alchitry.xdc]
Finished Parsing XDC File [C:/Users/cajhm/OneDrive - Singapore University of Technology and Design/Y2T4/comp struct 50.002/fpga/slowclock_rst/work/constraint/alchitry.xdc]
Parsing XDC File [C:/Users/cajhm/OneDrive - Singapore University of Technology and Design/Y2T4/comp struct 50.002/fpga/slowclock_rst/work/constraint/io.xdc]
Finished Parsing XDC File [C:/Users/cajhm/OneDrive - Singapore University of Technology and Design/Y2T4/comp struct 50.002/fpga/slowclock_rst/work/constraint/io.xdc]
Parsing XDC File [C:/Program Files/Alchitry/Alchitry Labs/library/components/au.xdc]
Finished Parsing XDC File [C:/Program Files/Alchitry/Alchitry Labs/library/components/au.xdc]
INFO: [Opt 31-138] Pushed 0 inverter(s) to 0 load pin(s).
Netlist sorting complete. Time (s): cpu = 00:00:00 ; elapsed = 00:00:00 . Memory (MB): peak = 1000.934 ; gain = 0.000
INFO: [Project 1-111] Unisim Transformation Summary:
No Unisim elements were transformed.

7 Infos, 0 Warnings, 0 Critical Warnings and 0 Errors encountered.
link_design completed successfully
link_design: Time (s): cpu = 00:00:15 ; elapsed = 00:00:16 . Memory (MB): peak = 1000.934 ; gain = 0.000
Command: opt_design
Attempting to get a license for feature 'Implementation' and/or device 'xc7a35t'
INFO: [Common 17-349] Got license for feature 'Implementation' and/or device 'xc7a35t'
Running DRC as a precondition to command opt_design

Starting DRC Task
INFO: [DRC 23-27] Running DRC with 2 threads
INFO: [Project 1-461] DRC finished with 0 Errors
INFO: [Project 1-462] Please refer to the DRC report (report_drc) for more information.

Time (s): cpu = 00:00:03 ; elapsed = 00:00:02 . Memory (MB): peak = 1000.934 ; gain = 0.000

Starting Cache Timing Information Task
INFO: [Timing 38-35] Done setting XDC timing constraints.
Ending Cache Timing Information Task | Checksum: 1194f76dc

Time (s): cpu = 00:00:17 ; elapsed = 00:00:17 . Memory (MB): peak = 1225.398 ; gain = 224.465

Starting Logic Optimization Task

Phase 1 Retarget
INFO: [Opt 31-138] Pushed 0 inverter(s) to 0 load pin(s).
INFO: [Opt 31-49] Retargeted 0 cell(s).
Phase 1 Retarget | Checksum: 1194f76dc

Time (s): cpu = 00:00:00 ; elapsed = 00:00:00.020 . Memory (MB): peak = 1433.215 ; gain = 0.000
INFO: [Opt 31-389] Phase Retarget created 0 cells and removed 0 cells

Phase 2 Constant propagation
INFO: [Opt 31-138] Pushed 0 inverter(s) to 0 load pin(s).
Phase 2 Constant propagation | Checksum: 1194f76dc

Time (s): cpu = 00:00:00 ; elapsed = 00:00:00.024 . Memory (MB): peak = 1433.215 ; gain = 0.000
INFO: [Opt 31-389] Phase Constant propagation created 0 cells and removed 0 cells

Phase 3 Sweep
Phase 3 Sweep | Checksum: e7777243

Time (s): cpu = 00:00:00 ; elapsed = 00:00:00.033 . Memory (MB): peak = 1433.215 ; gain = 0.000
INFO: [Opt 31-389] Phase Sweep created 0 cells and removed 0 cells

Phase 4 BUFG optimization
Phase 4 BUFG optimization | Checksum: e7777243

Time (s): cpu = 00:00:00 ; elapsed = 00:00:00.042 . Memory (MB): peak = 1433.215 ; gain = 0.000
INFO: [Opt 31-662] Phase BUFG optimization created 0 cells of which 0 are BUFGs and removed 0 cells.

Phase 5 Shift Register Optimization
INFO: [Opt 31-1064] SRL Remap converted 0 SRLs to 0 registers and converted 0 registers of register chains to 0 SRLs
Phase 5 Shift Register Optimization | Checksum: e7777243

Time (s): cpu = 00:00:00 ; elapsed = 00:00:00.045 . Memory (MB): peak = 1433.215 ; gain = 0.000
INFO: [Opt 31-389] Phase Shift Register Optimization created 0 cells and removed 0 cells

Phase 6 Post Processing Netlist
Phase 6 Post Processing Netlist | Checksum: e7777243

Time (s): cpu = 00:00:00 ; elapsed = 00:00:00.049 . Memory (MB): peak = 1433.215 ; gain = 0.000
INFO: [Opt 31-389] Phase Post Processing Netlist created 0 cells and removed 0 cells
Opt_design Change Summary
=========================


-------------------------------------------------------------------------------------------------------------------------
|  Phase                        |  #Cells created  |  #Cells Removed  |  #Constrained objects preventing optimizations  |
-------------------------------------------------------------------------------------------------------------------------
|  Retarget                     |               0  |               0  |                                              0  |
|  Constant propagation         |               0  |               0  |                                              0  |
|  Sweep                        |               0  |               0  |                                              0  |
|  BUFG optimization            |               0  |               0  |                                              0  |
|  Shift Register Optimization  |               0  |               0  |                                              0  |
|  Post Processing Netlist      |               0  |               0  |                                              0  |
-------------------------------------------------------------------------------------------------------------------------



Starting Connectivity Check Task

Time (s): cpu = 00:00:00 ; elapsed = 00:00:00.001 . Memory (MB): peak = 1433.215 ; gain = 0.000
Ending Logic Optimization Task | Checksum: f27f5dc8

Time (s): cpu = 00:00:00 ; elapsed = 00:00:00.063 . Memory (MB): peak = 1433.215 ; gain = 0.000

Starting Power Optimization Task
INFO: [Pwropt 34-132] Skipping clock gating for clocks with a period < 2.00 ns.
Ending Power Optimization Task | Checksum: f27f5dc8

Time (s): cpu = 00:00:00 ; elapsed = 00:00:00.023 . Memory (MB): peak = 1433.215 ; gain = 0.000

Starting Final Cleanup Task
Ending Final Cleanup Task | Checksum: f27f5dc8

Time (s): cpu = 00:00:00 ; elapsed = 00:00:00 . Memory (MB): peak = 1433.215 ; gain = 0.000

Starting Netlist Obfuscation Task
Netlist sorting complete. Time (s): cpu = 00:00:00 ; elapsed = 00:00:00 . Memory (MB): peak = 1433.215 ; gain = 0.000
Ending Netlist Obfuscation Task | Checksum: f27f5dc8

Time (s): cpu = 00:00:00 ; elapsed = 00:00:00.001 . Memory (MB): peak = 1433.215 ; gain = 0.000
INFO: [Common 17-83] Releasing license: Implementation
24 Infos, 0 Warnings, 0 Critical Warnings and 0 Errors encountered.
opt_design completed successfully
opt_design: Time (s): cpu = 00:00:26 ; elapsed = 00:00:25 . Memory (MB): peak = 1433.215 ; gain = 432.281
INFO: [Timing 38-480] Writing timing data to binary archive.
Writing placer database...
Writing XDEF routing.
Writing XDEF routing logical nets.
Writing XDEF routing special nets.
Write XDEF Complete: Time (s): cpu = 00:00:00 ; elapsed = 00:00:00.108 . Memory (MB): peak = 1433.215 ; gain = 0.000
INFO: [Common 17-1381] The checkpoint 'C:/Users/cajhm/OneDrive - Singapore University of Technology and Design/Y2T4/comp struct 50.002/fpga/slowclock_rst/work/vivado/slowclock_rst/slowclock_rst.runs/impl_1/au_top_0_opt.dcp' has been generated.
INFO: [runtcl-4] Executing : report_drc -file au_top_0_drc_opted.rpt -pb au_top_0_drc_opted.pb -rpx au_top_0_drc_opted.rpx
Command: report_drc -file au_top_0_drc_opted.rpt -pb au_top_0_drc_opted.pb -rpx au_top_0_drc_opted.rpx
INFO: [IP_Flow 19-234] Refreshing IP repositories
INFO: [IP_Flow 19-1704] No user IP repositories specified
INFO: [IP_Flow 19-2313] Loaded Vivado IP repository 'C:/Xilinx/Vivado/2020.2/data/ip'.
INFO: [Timing 38-35] Done setting XDC timing constraints.
INFO: [DRC 23-27] Running DRC with 2 threads
INFO: [Coretcl 2-168] The results of DRC are in file C:/Users/cajhm/OneDrive - Singapore University of Technology and Design/Y2T4/comp struct 50.002/fpga/slowclock_rst/work/vivado/slowclock_rst/slowclock_rst.runs/impl_1/au_top_0_drc_opted.rpt.
report_drc completed successfully
report_drc: Time (s): cpu = 00:00:07 ; elapsed = 00:00:06 . Memory (MB): peak = 1477.281 ; gain = 44.066
Command: place_design
Attempting to get a license for feature 'Implementation' and/or device 'xc7a35t'
INFO: [Common 17-349] Got license for feature 'Implementation' and/or device 'xc7a35t'
INFO: [DRC 23-27] Running DRC with 2 threads
INFO: [Vivado_Tcl 4-198] DRC finished with 0 Errors
INFO: [Vivado_Tcl 4-199] Please refer to the DRC report (report_drc) for more information.
Running DRC as a precondition to command place_design
INFO: [DRC 23-27] Running DRC with 2 threads
INFO: [Vivado_Tcl 4-198] DRC finished with 0 Errors
INFO: [Vivado_Tcl 4-199] Please refer to the DRC report (report_drc) for more information.

Starting Placer Task
INFO: [Place 30-611] Multithreading enabled for place_design using a maximum of 2 CPUs

Phase 1 Placer Initialization

Phase 1.1 Placer Initialization Netlist Sorting
Netlist sorting complete. Time (s): cpu = 00:00:00 ; elapsed = 00:00:00.001 . Memory (MB): peak = 1477.289 ; gain = 0.000
Phase 1.1 Placer Initialization Netlist Sorting | Checksum: 92016c60

Time (s): cpu = 00:00:00 ; elapsed = 00:00:00.018 . Memory (MB): peak = 1477.289 ; gain = 0.000
Netlist sorting complete. Time (s): cpu = 00:00:00 ; elapsed = 00:00:00.001 . Memory (MB): peak = 1477.289 ; gain = 0.000

Phase 1.2 IO Placement/ Clock Placement/ Build Placer Device
Phase 1.2 IO Placement/ Clock Placement/ Build Placer Device | Checksum: d6cfef6a

Time (s): cpu = 00:00:02 ; elapsed = 00:00:01 . Memory (MB): peak = 1477.289 ; gain = 0.000

Phase 1.3 Build Placer Netlist Model
Phase 1.3 Build Placer Netlist Model | Checksum: 154ca1e38

Time (s): cpu = 00:00:02 ; elapsed = 00:00:02 . Memory (MB): peak = 1477.289 ; gain = 0.000

Phase 1.4 Constrain Clocks/Macros
Phase 1.4 Constrain Clocks/Macros | Checksum: 154ca1e38

Time (s): cpu = 00:00:02 ; elapsed = 00:00:02 . Memory (MB): peak = 1477.289 ; gain = 0.000
Phase 1 Placer Initialization | Checksum: 154ca1e38

Time (s): cpu = 00:00:02 ; elapsed = 00:00:02 . Memory (MB): peak = 1477.289 ; gain = 0.000

Phase 2 Global Placement

Phase 2.1 Floorplanning
Phase 2.1 Floorplanning | Checksum: 112d6cad5

Time (s): cpu = 00:00:03 ; elapsed = 00:00:02 . Memory (MB): peak = 1477.289 ; gain = 0.000

Phase 2.2 Update Timing before SLR Path Opt
Phase 2.2 Update Timing before SLR Path Opt | Checksum: fbd28984

Time (s): cpu = 00:00:03 ; elapsed = 00:00:02 . Memory (MB): peak = 1477.289 ; gain = 0.000

Phase 2.3 Global Placement Core

Phase 2.3.1 Physical Synthesis In Placer
INFO: [Physopt 32-1044] Break lutnm for timing: one critical 0, two critical 0, total 0, new lutff created 0
INFO: [Physopt 32-775] End 1 Pass. Optimized 0 net or cell. Created 0 new cell, deleted 0 existing cell and moved 0 existing cell
INFO: [Physopt 32-65] No nets found for high-fanout optimization.
INFO: [Physopt 32-232] Optimized 0 net. Created 0 new instance.
INFO: [Physopt 32-775] End 1 Pass. Optimized 0 net or cell. Created 0 new cell, deleted 0 existing cell and moved 0 existing cell
INFO: [Physopt 32-670] No setup violation found.  DSP Register Optimization was not performed.
INFO: [Physopt 32-670] No setup violation found.  Shift Register to Pipeline Optimization was not performed.
INFO: [Physopt 32-670] No setup violation found.  Shift Register Optimization was not performed.
INFO: [Physopt 32-670] No setup violation found.  BRAM Register Optimization was not performed.
INFO: [Physopt 32-670] No setup violation found.  URAM Register Optimization was not performed.
INFO: [Physopt 32-949] No candidate nets found for dynamic/static region interface net replication
INFO: [Physopt 32-775] End 1 Pass. Optimized 0 net or cell. Created 0 new cell, deleted 0 existing cell and moved 0 existing cell
Netlist sorting complete. Time (s): cpu = 00:00:00 ; elapsed = 00:00:00 . Memory (MB): peak = 1477.289 ; gain = 0.000

Summary of Physical Synthesis Optimizations
============================================


-----------------------------------------------------------------------------------------------------------------------------------------------------------
|  Optimization                                     |  Added Cells  |  Removed Cells  |  Optimized Cells/Nets  |  Dont Touch  |  Iterations  |  Elapsed   |
-----------------------------------------------------------------------------------------------------------------------------------------------------------
|  LUT Combining                                    |            0  |              0  |                     0  |           0  |           1  |  00:00:00  |
|  Very High Fanout                                 |            0  |              0  |                     0  |           0  |           1  |  00:00:00  |
|  DSP Register                                     |            0  |              0  |                     0  |           0  |           0  |  00:00:00  |
|  Shift Register to Pipeline                       |            0  |              0  |                     0  |           0  |           0  |  00:00:00  |
|  Shift Register                                   |            0  |              0  |                     0  |           0  |           0  |  00:00:00  |
|  BRAM Register                                    |            0  |              0  |                     0  |           0  |           0  |  00:00:00  |
|  URAM Register                                    |            0  |              0  |                     0  |           0  |           0  |  00:00:00  |
|  Dynamic/Static Region Interface Net Replication  |            0  |              0  |                     0  |           0  |           1  |  00:00:00  |
|  Total                                            |            0  |              0  |                     0  |           0  |           3  |  00:00:00  |
-----------------------------------------------------------------------------------------------------------------------------------------------------------


Phase 2.3.1 Physical Synthesis In Placer | Checksum: 1a7b31475

Time (s): cpu = 00:00:06 ; elapsed = 00:00:04 . Memory (MB): peak = 1477.289 ; gain = 0.000
Phase 2.3 Global Placement Core | Checksum: f2d9d41c

Time (s): cpu = 00:00:06 ; elapsed = 00:00:04 . Memory (MB): peak = 1477.289 ; gain = 0.000
Phase 2 Global Placement | Checksum: f2d9d41c

Time (s): cpu = 00:00:06 ; elapsed = 00:00:04 . Memory (MB): peak = 1477.289 ; gain = 0.000

Phase 3 Detail Placement

Phase 3.1 Commit Multi Column Macros
Phase 3.1 Commit Multi Column Macros | Checksum: 15420b828

Time (s): cpu = 00:00:06 ; elapsed = 00:00:05 . Memory (MB): peak = 1477.289 ; gain = 0.000

Phase 3.2 Commit Most Macros & LUTRAMs
Phase 3.2 Commit Most Macros & LUTRAMs | Checksum: f328bdf2

Time (s): cpu = 00:00:07 ; elapsed = 00:00:05 . Memory (MB): peak = 1477.289 ; gain = 0.000

Phase 3.3 Area Swap Optimization
Phase 3.3 Area Swap Optimization | Checksum: 134f25689

Time (s): cpu = 00:00:07 ; elapsed = 00:00:05 . Memory (MB): peak = 1477.289 ; gain = 0.000

Phase 3.4 Pipeline Register Optimization
Phase 3.4 Pipeline Register Optimization | Checksum: fb2dd960

Time (s): cpu = 00:00:07 ; elapsed = 00:00:05 . Memory (MB): peak = 1477.289 ; gain = 0.000

Phase 3.5 Small Shape Detail Placement
Phase 3.5 Small Shape Detail Placement | Checksum: 1d1389b76

Time (s): cpu = 00:00:07 ; elapsed = 00:00:05 . Memory (MB): peak = 1477.289 ; gain = 0.000

Phase 3.6 Re-assign LUT pins
Phase 3.6 Re-assign LUT pins | Checksum: 16a05aba1

Time (s): cpu = 00:00:07 ; elapsed = 00:00:05 . Memory (MB): peak = 1477.289 ; gain = 0.000

Phase 3.7 Pipeline Register Optimization
Phase 3.7 Pipeline Register Optimization | Checksum: 1428fd717

Time (s): cpu = 00:00:07 ; elapsed = 00:00:05 . Memory (MB): peak = 1477.289 ; gain = 0.000
Phase 3 Detail Placement | Checksum: 1428fd717

Time (s): cpu = 00:00:07 ; elapsed = 00:00:05 . Memory (MB): peak = 1477.289 ; gain = 0.000

Phase 4 Post Placement Optimization and Clean-Up

Phase 4.1 Post Commit Optimization
INFO: [Timing 38-35] Done setting XDC timing constraints.

Phase 4.1.1 Post Placement Optimization
Post Placement Optimization Initialization | Checksum: 21c603ef5

Phase 4.1.1.1 BUFG Insertion

Starting Physical Synthesis Task

Phase 1 Physical Synthesis Initialization
INFO: [Physopt 32-721] Multithreading enabled for phys_opt_design using a maximum of 2 CPUs
INFO: [Physopt 32-619] Estimated Timing Summary | WNS=6.453 | TNS=0.000 |
Phase 1 Physical Synthesis Initialization | Checksum: 211ef1866

Time (s): cpu = 00:00:00 ; elapsed = 00:00:00.028 . Memory (MB): peak = 1477.289 ; gain = 0.000
INFO: [Place 46-56] BUFG insertion identified 0 candidate nets. Inserted BUFG: 0, Replicated BUFG Driver: 0, Skipped due to Placement/Routing Conflicts: 0, Skipped due to Timing Degradation: 0, Skipped due to Illegal Netlist: 0.
Ending Physical Synthesis Task | Checksum: 1b225bc11

Time (s): cpu = 00:00:00 ; elapsed = 00:00:00.031 . Memory (MB): peak = 1477.289 ; gain = 0.000
Phase 4.1.1.1 BUFG Insertion | Checksum: 21c603ef5

Time (s): cpu = 00:00:07 ; elapsed = 00:00:05 . Memory (MB): peak = 1477.289 ; gain = 0.000
INFO: [Place 30-746] Post Placement Timing Summary WNS=6.453. For the most accurate timing information please run report_timing.

Time (s): cpu = 00:00:07 ; elapsed = 00:00:05 . Memory (MB): peak = 1477.289 ; gain = 0.000
Phase 4.1 Post Commit Optimization | Checksum: 1ce00b204

Time (s): cpu = 00:00:07 ; elapsed = 00:00:05 . Memory (MB): peak = 1477.289 ; gain = 0.000

Phase 4.2 Post Placement Cleanup
Phase 4.2 Post Placement Cleanup | Checksum: 1ce00b204

Time (s): cpu = 00:00:07 ; elapsed = 00:00:05 . Memory (MB): peak = 1477.289 ; gain = 0.000

Phase 4.3 Placer Reporting

Phase 4.3.1 Print Estimated Congestion
INFO: [Place 30-612] Post-Placement Estimated Congestion 
 ____________________________________________________
|           | Global Congestion | Short Congestion  |
| Direction | Region Size       | Region Size       |
|___________|___________________|___________________|
|      North|                1x1|                1x1|
|___________|___________________|___________________|
|      South|                1x1|                1x1|
|___________|___________________|___________________|
|       East|                1x1|                1x1|
|___________|___________________|___________________|
|       West|                1x1|                1x1|
|___________|___________________|___________________|

Phase 4.3.1 Print Estimated Congestion | Checksum: 1ce00b204

Time (s): cpu = 00:00:07 ; elapsed = 00:00:05 . Memory (MB): peak = 1477.289 ; gain = 0.000
Phase 4.3 Placer Reporting | Checksum: 1ce00b204

Time (s): cpu = 00:00:07 ; elapsed = 00:00:05 . Memory (MB): peak = 1477.289 ; gain = 0.000

Phase 4.4 Final Placement Cleanup
Netlist sorting complete. Time (s): cpu = 00:00:00 ; elapsed = 00:00:00 . Memory (MB): peak = 1477.289 ; gain = 0.000

Time (s): cpu = 00:00:07 ; elapsed = 00:00:05 . Memory (MB): peak = 1477.289 ; gain = 0.000
Phase 4 Post Placement Optimization and Clean-Up | Checksum: 1ce00b204

Time (s): cpu = 00:00:07 ; elapsed = 00:00:05 . Memory (MB): peak = 1477.289 ; gain = 0.000
Ending Placer Task | Checksum: 151a7caa9

Time (s): cpu = 00:00:07 ; elapsed = 00:00:05 . Memory (MB): peak = 1477.289 ; gain = 0.000
INFO: [Common 17-83] Releasing license: Implementation
60 Infos, 0 Warnings, 0 Critical Warnings and 0 Errors encountered.
place_design completed successfully
place_design: Time (s): cpu = 00:00:12 ; elapsed = 00:00:08 . Memory (MB): peak = 1477.289 ; gain = 0.008
INFO: [Timing 38-480] Writing timing data to binary archive.
Writing placer database...
Writing XDEF routing.
Writing XDEF routing logical nets.
Writing XDEF routing special nets.
Write XDEF Complete: Time (s): cpu = 00:00:00 ; elapsed = 00:00:00.163 . Memory (MB): peak = 1477.289 ; gain = 0.000
INFO: [Common 17-1381] The checkpoint 'C:/Users/cajhm/OneDrive - Singapore University of Technology and Design/Y2T4/comp struct 50.002/fpga/slowclock_rst/work/vivado/slowclock_rst/slowclock_rst.runs/impl_1/au_top_0_placed.dcp' has been generated.
INFO: [runtcl-4] Executing : report_io -file au_top_0_io_placed.rpt
report_io: Time (s): cpu = 00:00:01 ; elapsed = 00:00:00.225 . Memory (MB): peak = 1477.289 ; gain = 0.000
INFO: [runtcl-4] Executing : report_utilization -file au_top_0_utilization_placed.rpt -pb au_top_0_utilization_placed.pb
INFO: [runtcl-4] Executing : report_control_sets -verbose -file au_top_0_control_sets_placed.rpt
report_control_sets: Time (s): cpu = 00:00:00 ; elapsed = 00:00:00.005 . Memory (MB): peak = 1477.289 ; gain = 0.000
Command: phys_opt_design
Attempting to get a license for feature 'Implementation' and/or device 'xc7a35t'
INFO: [Common 17-349] Got license for feature 'Implementation' and/or device 'xc7a35t'
INFO: [Vivado_Tcl 4-383] Design worst setup slack (WNS) is greater than or equal to 0.000 ns. Skipping all physical synthesis optimizations.
INFO: [Vivado_Tcl 4-232] No setup violation found. The netlist was not modified.
INFO: [Common 17-83] Releasing license: Implementation
69 Infos, 0 Warnings, 0 Critical Warnings and 0 Errors encountered.
phys_opt_design completed successfully
INFO: [Timing 38-480] Writing timing data to binary archive.
Writing placer database...
Writing XDEF routing.
Writing XDEF routing logical nets.
Writing XDEF routing special nets.
Write XDEF Complete: Time (s): cpu = 00:00:00 ; elapsed = 00:00:00.137 . Memory (MB): peak = 1477.289 ; gain = 0.000
INFO: [Common 17-1381] The checkpoint 'C:/Users/cajhm/OneDrive - Singapore University of Technology and Design/Y2T4/comp struct 50.002/fpga/slowclock_rst/work/vivado/slowclock_rst/slowclock_rst.runs/impl_1/au_top_0_physopt.dcp' has been generated.
Command: route_design
Attempting to get a license for feature 'Implementation' and/or device 'xc7a35t'
INFO: [Common 17-349] Got license for feature 'Implementation' and/or device 'xc7a35t'
Running DRC as a precondition to command route_design
INFO: [DRC 23-27] Running DRC with 2 threads
INFO: [Vivado_Tcl 4-198] DRC finished with 0 Errors
INFO: [Vivado_Tcl 4-199] Please refer to the DRC report (report_drc) for more information.


Starting Routing Task
INFO: [Route 35-254] Multithreading enabled for route_design using a maximum of 2 CPUs
Checksum: PlaceDB: 6aef17f7 ConstDB: 0 ShapeSum: e6b8b2b2 RouteDB: 0

Phase 1 Build RT Design
Phase 1 Build RT Design | Checksum: df5a5411

Time (s): cpu = 00:00:53 ; elapsed = 00:00:48 . Memory (MB): peak = 1566.496 ; gain = 77.773
Post Restoration Checksum: NetGraph: 2139bf39 NumContArr: be2094d8 Constraints: 0 Timing: 0

Phase 2 Router Initialization

Phase 2.1 Create Timer
Phase 2.1 Create Timer | Checksum: df5a5411

Time (s): cpu = 00:00:53 ; elapsed = 00:00:48 . Memory (MB): peak = 1566.496 ; gain = 77.773

Phase 2.2 Fix Topology Constraints
Phase 2.2 Fix Topology Constraints | Checksum: df5a5411

Time (s): cpu = 00:00:53 ; elapsed = 00:00:48 . Memory (MB): peak = 1572.504 ; gain = 83.781

Phase 2.3 Pre Route Cleanup
Phase 2.3 Pre Route Cleanup | Checksum: df5a5411

Time (s): cpu = 00:00:53 ; elapsed = 00:00:48 . Memory (MB): peak = 1572.504 ; gain = 83.781
 Number of Nodes with overlaps = 0

Phase 2.4 Update Timing
Phase 2.4 Update Timing | Checksum: 1f212d1db

Time (s): cpu = 00:00:54 ; elapsed = 00:00:49 . Memory (MB): peak = 1577.789 ; gain = 89.066
INFO: [Route 35-416] Intermediate Timing Summary | WNS=6.410  | TNS=0.000  | WHS=-0.073 | THS=-0.387 |

Phase 2 Router Initialization | Checksum: 257ff9875

Time (s): cpu = 00:00:54 ; elapsed = 00:00:49 . Memory (MB): peak = 1577.789 ; gain = 89.066

Router Utilization Summary
  Global Vertical Routing Utilization    = 0 %
  Global Horizontal Routing Utilization  = 0 %
  Routable Net Status*
  *Does not include unroutable nets such as driverless and loadless.
  Run report_route_status for detailed report.
  Number of Failed Nets               = 63
    (Failed Nets is the sum of unrouted and partially routed nets)
  Number of Unrouted Nets             = 63
  Number of Partially Routed Nets     = 0
  Number of Node Overlaps             = 0


Phase 3 Initial Routing

Phase 3.1 Global Routing
Phase 3.1 Global Routing | Checksum: 257ff9875

Time (s): cpu = 00:00:54 ; elapsed = 00:00:49 . Memory (MB): peak = 1580.590 ; gain = 91.867
Phase 3 Initial Routing | Checksum: 1ba5200db

Time (s): cpu = 00:00:54 ; elapsed = 00:00:49 . Memory (MB): peak = 1580.590 ; gain = 91.867

Phase 4 Rip-up And Reroute

Phase 4.1 Global Iteration 0
 Number of Nodes with overlaps = 0
INFO: [Route 35-416] Intermediate Timing Summary | WNS=6.318  | TNS=0.000  | WHS=N/A    | THS=N/A    |

Phase 4.1 Global Iteration 0 | Checksum: 1e209d853

Time (s): cpu = 00:00:54 ; elapsed = 00:00:49 . Memory (MB): peak = 1580.590 ; gain = 91.867
Phase 4 Rip-up And Reroute | Checksum: 1e209d853

Time (s): cpu = 00:00:54 ; elapsed = 00:00:49 . Memory (MB): peak = 1580.590 ; gain = 91.867

Phase 5 Delay and Skew Optimization

Phase 5.1 Delay CleanUp
Phase 5.1 Delay CleanUp | Checksum: 1e209d853

Time (s): cpu = 00:00:54 ; elapsed = 00:00:49 . Memory (MB): peak = 1580.590 ; gain = 91.867

Phase 5.2 Clock Skew Optimization
Phase 5.2 Clock Skew Optimization | Checksum: 1e209d853

Time (s): cpu = 00:00:54 ; elapsed = 00:00:49 . Memory (MB): peak = 1580.590 ; gain = 91.867
Phase 5 Delay and Skew Optimization | Checksum: 1e209d853

Time (s): cpu = 00:00:54 ; elapsed = 00:00:49 . Memory (MB): peak = 1580.590 ; gain = 91.867

Phase 6 Post Hold Fix

Phase 6.1 Hold Fix Iter

Phase 6.1.1 Update Timing
Phase 6.1.1 Update Timing | Checksum: 16c12c234

Time (s): cpu = 00:00:54 ; elapsed = 00:00:49 . Memory (MB): peak = 1580.590 ; gain = 91.867
INFO: [Route 35-416] Intermediate Timing Summary | WNS=6.412  | TNS=0.000  | WHS=0.206  | THS=0.000  |

Phase 6.1 Hold Fix Iter | Checksum: 16c12c234

Time (s): cpu = 00:00:54 ; elapsed = 00:00:49 . Memory (MB): peak = 1580.590 ; gain = 91.867
Phase 6 Post Hold Fix | Checksum: 16c12c234

Time (s): cpu = 00:00:54 ; elapsed = 00:00:49 . Memory (MB): peak = 1580.590 ; gain = 91.867

Phase 7 Route finalize

Router Utilization Summary
  Global Vertical Routing Utilization    = 0.0106832 %
  Global Horizontal Routing Utilization  = 0.0206923 %
  Routable Net Status*
  *Does not include unroutable nets such as driverless and loadless.
  Run report_route_status for detailed report.
  Number of Failed Nets               = 0
    (Failed Nets is the sum of unrouted and partially routed nets)
  Number of Unrouted Nets             = 0
  Number of Partially Routed Nets     = 0
  Number of Node Overlaps             = 0

Phase 7 Route finalize | Checksum: 186e6e156

Time (s): cpu = 00:00:54 ; elapsed = 00:00:49 . Memory (MB): peak = 1580.590 ; gain = 91.867

Phase 8 Verifying routed nets

 Verification completed successfully
Phase 8 Verifying routed nets | Checksum: 186e6e156

Time (s): cpu = 00:00:54 ; elapsed = 00:00:49 . Memory (MB): peak = 1581.262 ; gain = 92.539

Phase 9 Depositing Routes
Phase 9 Depositing Routes | Checksum: 223f509f5

Time (s): cpu = 00:00:54 ; elapsed = 00:00:49 . Memory (MB): peak = 1581.262 ; gain = 92.539

Phase 10 Post Router Timing
INFO: [Route 35-57] Estimated Timing Summary | WNS=6.412  | TNS=0.000  | WHS=0.206  | THS=0.000  |

INFO: [Route 35-327] The final timing numbers are based on the router estimated timing analysis. For a complete and accurate timing signoff, please run report_timing_summary.
Phase 10 Post Router Timing | Checksum: 223f509f5

Time (s): cpu = 00:00:54 ; elapsed = 00:00:49 . Memory (MB): peak = 1581.262 ; gain = 92.539
INFO: [Route 35-16] Router Completed Successfully

Time (s): cpu = 00:00:54 ; elapsed = 00:00:49 . Memory (MB): peak = 1581.262 ; gain = 92.539

Routing Is Done.
INFO: [Common 17-83] Releasing license: Implementation
83 Infos, 0 Warnings, 0 Critical Warnings and 0 Errors encountered.
route_design completed successfully
route_design: Time (s): cpu = 00:01:00 ; elapsed = 00:00:52 . Memory (MB): peak = 1581.262 ; gain = 103.973
INFO: [Timing 38-480] Writing timing data to binary archive.
Writing placer database...
Writing XDEF routing.
Writing XDEF routing logical nets.
Writing XDEF routing special nets.
Write XDEF Complete: Time (s): cpu = 00:00:01 ; elapsed = 00:00:00.129 . Memory (MB): peak = 1591.160 ; gain = 9.898
INFO: [Common 17-1381] The checkpoint 'C:/Users/cajhm/OneDrive - Singapore University of Technology and Design/Y2T4/comp struct 50.002/fpga/slowclock_rst/work/vivado/slowclock_rst/slowclock_rst.runs/impl_1/au_top_0_routed.dcp' has been generated.
INFO: [runtcl-4] Executing : report_drc -file au_top_0_drc_routed.rpt -pb au_top_0_drc_routed.pb -rpx au_top_0_drc_routed.rpx
Command: report_drc -file au_top_0_drc_routed.rpt -pb au_top_0_drc_routed.pb -rpx au_top_0_drc_routed.rpx
INFO: [IP_Flow 19-1839] IP Catalog is up to date.
INFO: [DRC 23-27] Running DRC with 2 threads
INFO: [Coretcl 2-168] The results of DRC are in file C:/Users/cajhm/OneDrive - Singapore University of Technology and Design/Y2T4/comp struct 50.002/fpga/slowclock_rst/work/vivado/slowclock_rst/slowclock_rst.runs/impl_1/au_top_0_drc_routed.rpt.
report_drc completed successfully
INFO: [runtcl-4] Executing : report_methodology -file au_top_0_methodology_drc_routed.rpt -pb au_top_0_methodology_drc_routed.pb -rpx au_top_0_methodology_drc_routed.rpx
Command: report_methodology -file au_top_0_methodology_drc_routed.rpt -pb au_top_0_methodology_drc_routed.pb -rpx au_top_0_methodology_drc_routed.rpx
INFO: [Timing 38-35] Done setting XDC timing constraints.
INFO: [DRC 23-133] Running Methodology with 2 threads
INFO: [Coretcl 2-1520] The results of Report Methodology are in file C:/Users/cajhm/OneDrive - Singapore University of Technology and Design/Y2T4/comp struct 50.002/fpga/slowclock_rst/work/vivado/slowclock_rst/slowclock_rst.runs/impl_1/au_top_0_methodology_drc_routed.rpt.
report_methodology completed successfully
INFO: [runtcl-4] Executing : report_power -file au_top_0_power_routed.rpt -pb au_top_0_power_summary_routed.pb -rpx au_top_0_power_routed.rpx
Command: report_power -file au_top_0_power_routed.rpt -pb au_top_0_power_summary_routed.pb -rpx au_top_0_power_routed.rpx
INFO: [Timing 38-35] Done setting XDC timing constraints.
Running Vector-less Activity Propagation...

Finished Running Vector-less Activity Propagation
95 Infos, 0 Warnings, 0 Critical Warnings and 0 Errors encountered.
report_power completed successfully
INFO: [runtcl-4] Executing : report_route_status -file au_top_0_route_status.rpt -pb au_top_0_route_status.pb
INFO: [runtcl-4] Executing : report_timing_summary -max_paths 10 -file au_top_0_timing_summary_routed.rpt -pb au_top_0_timing_summary_routed.pb -rpx au_top_0_timing_summary_routed.rpx -warn_on_violation 
INFO: [Timing 38-91] UpdateTimingParams: Speed grade: -1, Delay Type: min_max.
INFO: [Timing 38-191] Multithreading enabled for timing update using a maximum of 2 CPUs
INFO: [runtcl-4] Executing : report_incremental_reuse -file au_top_0_incremental_reuse_routed.rpt
INFO: [Vivado_Tcl 4-1062] Incremental flow is disabled. No incremental reuse Info to report.
INFO: [runtcl-4] Executing : report_clock_utilization -file au_top_0_clock_utilization_routed.rpt
INFO: [runtcl-4] Executing : report_bus_skew -warn_on_violation -file au_top_0_bus_skew_routed.rpt -pb au_top_0_bus_skew_routed.pb -rpx au_top_0_bus_skew_routed.rpx
INFO: [Timing 38-91] UpdateTimingParams: Speed grade: -1, Delay Type: min_max.
INFO: [Timing 38-191] Multithreading enabled for timing update using a maximum of 2 CPUs
Command: write_bitstream -force au_top_0.bit -bin_file
Attempting to get a license for feature 'Implementation' and/or device 'xc7a35t'
INFO: [Common 17-349] Got license for feature 'Implementation' and/or device 'xc7a35t'
Running DRC as a precondition to command write_bitstream
INFO: [IP_Flow 19-1839] IP Catalog is up to date.
INFO: [DRC 23-27] Running DRC with 2 threads
ERROR: [DRC NSTD-1] Unspecified I/O Standard: 3 out of 51 logical ports use I/O standard (IOSTANDARD) value 'DEFAULT', instead of a user assigned specific value. This may cause I/O contention or incompatibility with the board power or connectivity affecting performance, signal integrity or in extreme cases cause damage to the device or the components to which it is connected. To correct this violation, specify all I/O standards. This design will fail to generate a bitstream unless all logical ports have a user specified I/O standard value defined. To allow bitstream creation with unspecified I/O standard values (not recommended), use this command: set_property SEVERITY {Warning} [get_drc_checks NSTD-1].  NOTE: When using the Vivado Runs infrastructure (e.g. launch_runs Tcl command), add this command to a .tcl file and add that file as a pre-hook for write_bitstream step for the implementation run. Problem ports: customout[2:0].
ERROR: [DRC UCIO-1] Unconstrained Logical Port: 3 out of 51 logical ports have no user assigned specific location constraint (LOC). This may cause I/O contention or incompatibility with the board power or connectivity affecting performance, signal integrity or in extreme cases cause damage to the device or the components to which it is connected. To correct this violation, specify all pin locations. This design will fail to generate a bitstream unless all logical ports have a user specified site LOC constraint defined.  To allow bitstream creation with unspecified pin locations (not recommended), use this command: set_property SEVERITY {Warning} [get_drc_checks UCIO-1].  NOTE: When using the Vivado Runs infrastructure (e.g. launch_runs Tcl command), add this command to a .tcl file and add that file as a pre-hook for write_bitstream step for the implementation run.  Problem ports: customout[2:0].
INFO: [Vivado 12-3199] DRC finished with 2 Errors
INFO: [Vivado 12-3200] Please refer to the DRC report (report_drc) for more information.
ERROR: [Vivado 12-1345] Error(s) found during DRC. Bitgen not run.
INFO: [Common 17-83] Releasing license: Implementation
9 Infos, 0 Warnings, 0 Critical Warnings and 3 Errors encountered.
write_bitstream failed
ERROR: [Common 17-39] 'write_bitstream' failed due to earlier errors.

INFO: [Common 17-206] Exiting Vivado at Sat Mar  5 13:02:05 2022...
[Sat Mar  5 13:02:10 2022] impl_1 finished
WARNING: [Vivado 12-8222] Failed run(s) : 'impl_1'
wait_on_run: Time (s): cpu = 00:00:01 ; elapsed = 00:02:17 . Memory (MB): peak = 1009.137 ; gain = 0.000
INFO: [Common 17-206] Exiting Vivado at Sat Mar  5 13:02:10 2022...
Vivado exited.

Bin file (C:\Users\cajhm\OneDrive - Singapore University of Technology and Design\Y2T4\comp struct 50.002\fpga\slowclock_rst\work\vivado\slowclock_rst\slowclock_rst.runs\impl_1\au_top_0.bin) could not be found! The build probably failed.
