
*** Running vivado
    with args -log au_top_0.vds -m64 -product Vivado -mode batch -messageDb vivado.pb -notrace -source au_top_0.tcl



****** Vivado v2020.2 (64-bit)
  **** SW Build 3064766 on Wed Nov 18 09:12:45 MST 2020
  **** IP Build 3064653 on Wed Nov 18 14:17:31 MST 2020
    ** Copyright 1986-2020 Xilinx, Inc. All Rights Reserved.

source au_top_0.tcl -notrace
Command: synth_design -top au_top_0 -part xc7a35tftg256-1
Starting synth_design
Attempting to get a license for feature 'Synthesis' and/or device 'xc7a35t'
INFO: [Common 17-349] Got license for feature 'Synthesis' and/or device 'xc7a35t'
INFO: [Device 21-403] Loading part xc7a35tftg256-1
INFO: [Synth 8-7079] Multithreading enabled for synth_design using a maximum of 2 processes.
INFO: [Synth 8-7078] Launching helper process for spawning children vivado processes
INFO: [Synth 8-7075] Helper process launched with PID 13172
---------------------------------------------------------------------------------
Starting RTL Elaboration : Time (s): cpu = 00:00:06 ; elapsed = 00:00:07 . Memory (MB): peak = 1000.762 ; gain = 0.000
---------------------------------------------------------------------------------
INFO: [Synth 8-6157] synthesizing module 'au_top_0' [C:/Users/cajhm/OneDrive - Singapore University of Technology and Design/Y2T4/comp struct 50.002/fpgaT4/adder16/work/vivado/adder16/adder16.srcs/sources_1/imports/verilog/au_top_0.v:7]
INFO: [Synth 8-6157] synthesizing module 'button_conditioner_2' [C:/Users/cajhm/OneDrive - Singapore University of Technology and Design/Y2T4/comp struct 50.002/fpgaT4/adder16/work/vivado/adder16/adder16.srcs/sources_1/imports/verilog/button_conditioner_2.v:13]
	Parameter CLK_FREQ bound to: 26'b10111110101111000010000000 
	Parameter MIN_DELAY bound to: 5'b10100 
	Parameter NUM_SYNC bound to: 2'b10 
INFO: [Synth 8-6157] synthesizing module 'pipeline_5' [C:/Users/cajhm/OneDrive - Singapore University of Technology and Design/Y2T4/comp struct 50.002/fpgaT4/adder16/work/vivado/adder16/adder16.srcs/sources_1/imports/verilog/pipeline_5.v:11]
	Parameter DEPTH bound to: 2'b10 
INFO: [Synth 8-6155] done synthesizing module 'pipeline_5' (1#1) [C:/Users/cajhm/OneDrive - Singapore University of Technology and Design/Y2T4/comp struct 50.002/fpgaT4/adder16/work/vivado/adder16/adder16.srcs/sources_1/imports/verilog/pipeline_5.v:11]
INFO: [Synth 8-6155] done synthesizing module 'button_conditioner_2' (2#1) [C:/Users/cajhm/OneDrive - Singapore University of Technology and Design/Y2T4/comp struct 50.002/fpgaT4/adder16/work/vivado/adder16/adder16.srcs/sources_1/imports/verilog/button_conditioner_2.v:13]
INFO: [Synth 8-6157] synthesizing module 'reset_conditioner_1' [C:/Users/cajhm/OneDrive - Singapore University of Technology and Design/Y2T4/comp struct 50.002/fpgaT4/adder16/work/vivado/adder16/adder16.srcs/sources_1/imports/verilog/reset_conditioner_1.v:11]
	Parameter STAGES bound to: 3'b100 
INFO: [Synth 8-6155] done synthesizing module 'reset_conditioner_1' (3#1) [C:/Users/cajhm/OneDrive - Singapore University of Technology and Design/Y2T4/comp struct 50.002/fpgaT4/adder16/work/vivado/adder16/adder16.srcs/sources_1/imports/verilog/reset_conditioner_1.v:11]
INFO: [Synth 8-6157] synthesizing module 'multi_seven_seg_3' [C:/Users/cajhm/OneDrive - Singapore University of Technology and Design/Y2T4/comp struct 50.002/fpgaT4/adder16/work/vivado/adder16/adder16.srcs/sources_1/imports/verilog/multi_seven_seg_3.v:12]
	Parameter DIGITS bound to: 3'b100 
	Parameter DIV bound to: 5'b10000 
	Parameter DIGIT_BITS bound to: 2'b10 
INFO: [Synth 8-6157] synthesizing module 'counter_6' [C:/Users/cajhm/OneDrive - Singapore University of Technology and Design/Y2T4/comp struct 50.002/fpgaT4/adder16/work/vivado/adder16/adder16.srcs/sources_1/imports/verilog/counter_6.v:14]
	Parameter SIZE bound to: 2'b10 
	Parameter DIV bound to: 5'b10000 
	Parameter TOP bound to: 4'b0011 
	Parameter UP bound to: 1'b1 
	Parameter MAX_VALUE bound to: 20'b00111111111111111111 
INFO: [Synth 8-6155] done synthesizing module 'counter_6' (4#1) [C:/Users/cajhm/OneDrive - Singapore University of Technology and Design/Y2T4/comp struct 50.002/fpgaT4/adder16/work/vivado/adder16/adder16.srcs/sources_1/imports/verilog/counter_6.v:14]
INFO: [Synth 8-6157] synthesizing module 'seven_seg_7' [C:/Users/cajhm/OneDrive - Singapore University of Technology and Design/Y2T4/comp struct 50.002/fpgaT4/adder16/work/vivado/adder16/adder16.srcs/sources_1/imports/verilog/seven_seg_7.v:7]
INFO: [Synth 8-226] default block is never used [C:/Users/cajhm/OneDrive - Singapore University of Technology and Design/Y2T4/comp struct 50.002/fpgaT4/adder16/work/vivado/adder16/adder16.srcs/sources_1/imports/verilog/seven_seg_7.v:16]
INFO: [Synth 8-6155] done synthesizing module 'seven_seg_7' (5#1) [C:/Users/cajhm/OneDrive - Singapore University of Technology and Design/Y2T4/comp struct 50.002/fpgaT4/adder16/work/vivado/adder16/adder16.srcs/sources_1/imports/verilog/seven_seg_7.v:7]
INFO: [Synth 8-6157] synthesizing module 'decoder_8' [C:/Users/cajhm/OneDrive - Singapore University of Technology and Design/Y2T4/comp struct 50.002/fpgaT4/adder16/work/vivado/adder16/adder16.srcs/sources_1/imports/verilog/decoder_8.v:11]
	Parameter WIDTH bound to: 2'b10 
INFO: [Synth 8-6155] done synthesizing module 'decoder_8' (6#1) [C:/Users/cajhm/OneDrive - Singapore University of Technology and Design/Y2T4/comp struct 50.002/fpgaT4/adder16/work/vivado/adder16/adder16.srcs/sources_1/imports/verilog/decoder_8.v:11]
INFO: [Synth 8-6155] done synthesizing module 'multi_seven_seg_3' (7#1) [C:/Users/cajhm/OneDrive - Singapore University of Technology and Design/Y2T4/comp struct 50.002/fpgaT4/adder16/work/vivado/adder16/adder16.srcs/sources_1/imports/verilog/multi_seven_seg_3.v:12]
INFO: [Synth 8-6157] synthesizing module 'addertest_4' [C:/Users/cajhm/OneDrive - Singapore University of Technology and Design/Y2T4/comp struct 50.002/fpgaT4/adder16/work/vivado/adder16/adder16.srcs/sources_1/imports/verilog/addertest_4.v:7]
	Parameter START_testCase bound to: 4'b0000 
	Parameter PPP_testCase bound to: 4'b0001 
	Parameter PPN_testCase bound to: 4'b0010 
	Parameter PNN_testCase bound to: 4'b0011 
	Parameter PPV_testCase bound to: 4'b0100 
	Parameter PNV_testCase bound to: 4'b0101 
	Parameter PP0_testCase bound to: 4'b0110 
	Parameter ERR_testCase bound to: 4'b0111 
	Parameter END_testCase bound to: 4'b1000 
	Parameter ERROR_STATE_testCase bound to: 4'b1001 
	Parameter PPP_X bound to: 16'b0101111010010100 
	Parameter PPP_ALUFN bound to: 6'b000000 
	Parameter PPP_Y bound to: 16'b0001001100101111 
	Parameter PPP_S bound to: 16'b0111000111000011 
	Parameter PPP_Z bound to: 1'b0 
	Parameter PPP_V bound to: 1'b0 
	Parameter PPP_N bound to: 1'b0 
	Parameter PPN_X bound to: 16'b0001101001001101 
	Parameter PPN_ALUFN bound to: 6'b000001 
	Parameter PPN_Y bound to: 16'b0011010011111111 
	Parameter PPN_S bound to: 16'b1110010101001110 
	Parameter PPN_Z bound to: 1'b0 
	Parameter PPN_V bound to: 1'b0 
	Parameter PPN_N bound to: 1'b1 
	Parameter PNN_X bound to: 16'b0010111111110011 
	Parameter PNN_ALUFN bound to: 6'b000000 
	Parameter PNN_Y bound to: 16'b1001111100100010 
	Parameter PNN_S bound to: 16'b1100111100010101 
	Parameter PNN_Z bound to: 1'b0 
	Parameter PNN_V bound to: 1'b0 
	Parameter PNN_N bound to: 1'b1 
	Parameter PPV_X bound to: 16'b0000000000000001 
	Parameter PPV_ALUFN bound to: 5'b00000 
	Parameter PPV_Y bound to: 16'b0111111111111111 
	Parameter PPV_S bound to: 16'b1000000000000000 
	Parameter PPV_Z bound to: 1'b0 
	Parameter PPV_V bound to: 1'b1 
	Parameter PPV_N bound to: 1'b1 
	Parameter PNV_X bound to: 16'b1000000000000000 
	Parameter PNV_ALUFN bound to: 6'b000001 
	Parameter PNV_Y bound to: 16'b0000000000000001 
	Parameter PNV_S bound to: 16'b0111111111111111 
	Parameter PNV_Z bound to: 1'b0 
	Parameter PNV_V bound to: 1'b1 
	Parameter PNV_N bound to: 1'b0 
	Parameter PP0_X bound to: 16'b0000000000000001 
	Parameter PP0_ALUFN bound to: 6'b000001 
	Parameter PP0_Y bound to: 16'b0000000000000001 
	Parameter PP0_S bound to: 16'b0000000000000000 
	Parameter PP0_Z bound to: 1'b1 
	Parameter PP0_V bound to: 1'b0 
	Parameter PP0_N bound to: 1'b0 
	Parameter ERR_X bound to: 16'b0000000000000001 
	Parameter ERR_ALUFN bound to: 6'b000000 
	Parameter ERR_Y bound to: 16'b0000000000000001 
	Parameter ERR_S bound to: 16'b1111111111111111 
	Parameter ERR_Z bound to: 1'b1 
	Parameter ERR_V bound to: 1'b1 
	Parameter ERR_N bound to: 1'b1 
INFO: [Synth 8-6157] synthesizing module 'sixteen_bit_full_adder_9' [C:/Users/cajhm/OneDrive - Singapore University of Technology and Design/Y2T4/comp struct 50.002/fpgaT4/adder16/work/vivado/adder16/adder16.srcs/sources_1/imports/verilog/sixteen_bit_full_adder_9.v:7]
INFO: [Synth 8-6155] done synthesizing module 'sixteen_bit_full_adder_9' (8#1) [C:/Users/cajhm/OneDrive - Singapore University of Technology and Design/Y2T4/comp struct 50.002/fpgaT4/adder16/work/vivado/adder16/adder16.srcs/sources_1/imports/verilog/sixteen_bit_full_adder_9.v:7]
INFO: [Synth 8-6157] synthesizing module 'edge_detector_10' [C:/Users/cajhm/OneDrive - Singapore University of Technology and Design/Y2T4/comp struct 50.002/fpgaT4/adder16/work/vivado/adder16/adder16.srcs/sources_1/imports/verilog/edge_detector_10.v:12]
	Parameter RISE bound to: 1'b1 
	Parameter FALL bound to: 1'b0 
INFO: [Synth 8-6155] done synthesizing module 'edge_detector_10' (9#1) [C:/Users/cajhm/OneDrive - Singapore University of Technology and Design/Y2T4/comp struct 50.002/fpgaT4/adder16/work/vivado/adder16/adder16.srcs/sources_1/imports/verilog/edge_detector_10.v:12]
INFO: [Synth 8-155] case statement is not full and has no default [C:/Users/cajhm/OneDrive - Singapore University of Technology and Design/Y2T4/comp struct 50.002/fpgaT4/adder16/work/vivado/adder16/adder16.srcs/sources_1/imports/verilog/addertest_4.v:188]
INFO: [Synth 8-6155] done synthesizing module 'addertest_4' (10#1) [C:/Users/cajhm/OneDrive - Singapore University of Technology and Design/Y2T4/comp struct 50.002/fpgaT4/adder16/work/vivado/adder16/adder16.srcs/sources_1/imports/verilog/addertest_4.v:7]
INFO: [Synth 8-6155] done synthesizing module 'au_top_0' (11#1) [C:/Users/cajhm/OneDrive - Singapore University of Technology and Design/Y2T4/comp struct 50.002/fpgaT4/adder16/work/vivado/adder16/adder16.srcs/sources_1/imports/verilog/au_top_0.v:7]
---------------------------------------------------------------------------------
Finished RTL Elaboration : Time (s): cpu = 00:00:08 ; elapsed = 00:00:08 . Memory (MB): peak = 1000.762 ; gain = 0.000
---------------------------------------------------------------------------------
---------------------------------------------------------------------------------
Start Handling Custom Attributes
---------------------------------------------------------------------------------
---------------------------------------------------------------------------------
Finished Handling Custom Attributes : Time (s): cpu = 00:00:09 ; elapsed = 00:00:09 . Memory (MB): peak = 1000.762 ; gain = 0.000
---------------------------------------------------------------------------------
---------------------------------------------------------------------------------
Finished RTL Optimization Phase 1 : Time (s): cpu = 00:00:09 ; elapsed = 00:00:09 . Memory (MB): peak = 1000.762 ; gain = 0.000
---------------------------------------------------------------------------------
Netlist sorting complete. Time (s): cpu = 00:00:00 ; elapsed = 00:00:00.014 . Memory (MB): peak = 1000.762 ; gain = 0.000
INFO: [Project 1-570] Preparing netlist for logic optimization

Processing XDC Constraints
Initializing timing engine
Parsing XDC File [C:/Users/cajhm/OneDrive - Singapore University of Technology and Design/Y2T4/comp struct 50.002/fpgaT4/adder16/work/constraint/alchitry.xdc]
Finished Parsing XDC File [C:/Users/cajhm/OneDrive - Singapore University of Technology and Design/Y2T4/comp struct 50.002/fpgaT4/adder16/work/constraint/alchitry.xdc]
INFO: [Project 1-236] Implementation specific constraints were found while reading constraint file [C:/Users/cajhm/OneDrive - Singapore University of Technology and Design/Y2T4/comp struct 50.002/fpgaT4/adder16/work/constraint/alchitry.xdc]. These constraints will be ignored for synthesis but will be used in implementation. Impacted constraints are listed in the file [.Xil/au_top_0_propImpl.xdc].
Resolution: To avoid this warning, move constraints listed in [.Xil/au_top_0_propImpl.xdc] to another XDC file and exclude this new file from synthesis with the used_in_synthesis property (File Properties dialog in GUI) and re-run elaboration/synthesis.
Parsing XDC File [C:/Users/cajhm/OneDrive - Singapore University of Technology and Design/Y2T4/comp struct 50.002/fpgaT4/adder16/work/constraint/io.xdc]
Finished Parsing XDC File [C:/Users/cajhm/OneDrive - Singapore University of Technology and Design/Y2T4/comp struct 50.002/fpgaT4/adder16/work/constraint/io.xdc]
INFO: [Project 1-236] Implementation specific constraints were found while reading constraint file [C:/Users/cajhm/OneDrive - Singapore University of Technology and Design/Y2T4/comp struct 50.002/fpgaT4/adder16/work/constraint/io.xdc]. These constraints will be ignored for synthesis but will be used in implementation. Impacted constraints are listed in the file [.Xil/au_top_0_propImpl.xdc].
Resolution: To avoid this warning, move constraints listed in [.Xil/au_top_0_propImpl.xdc] to another XDC file and exclude this new file from synthesis with the used_in_synthesis property (File Properties dialog in GUI) and re-run elaboration/synthesis.
Parsing XDC File [C:/Program Files/Alchitry/Alchitry Labs/library/components/au.xdc]
Finished Parsing XDC File [C:/Program Files/Alchitry/Alchitry Labs/library/components/au.xdc]
Completed Processing XDC Constraints

Netlist sorting complete. Time (s): cpu = 00:00:00 ; elapsed = 00:00:00.001 . Memory (MB): peak = 1000.762 ; gain = 0.000
INFO: [Project 1-111] Unisim Transformation Summary:
No Unisim elements were transformed.

Constraint Validation Runtime : Time (s): cpu = 00:00:00 ; elapsed = 00:00:00.006 . Memory (MB): peak = 1000.762 ; gain = 0.000
---------------------------------------------------------------------------------
Finished Constraint Validation : Time (s): cpu = 00:00:18 ; elapsed = 00:00:20 . Memory (MB): peak = 1000.762 ; gain = 0.000
---------------------------------------------------------------------------------
---------------------------------------------------------------------------------
Start Loading Part and Timing Information
---------------------------------------------------------------------------------
Loading part: xc7a35tftg256-1
---------------------------------------------------------------------------------
Finished Loading Part and Timing Information : Time (s): cpu = 00:00:18 ; elapsed = 00:00:20 . Memory (MB): peak = 1000.762 ; gain = 0.000
---------------------------------------------------------------------------------
---------------------------------------------------------------------------------
Start Applying 'set_property' XDC Constraints
---------------------------------------------------------------------------------
---------------------------------------------------------------------------------
Finished applying 'set_property' XDC Constraints : Time (s): cpu = 00:00:19 ; elapsed = 00:00:20 . Memory (MB): peak = 1000.762 ; gain = 0.000
---------------------------------------------------------------------------------
INFO: [Synth 8-802] inferred FSM for state register 'M_testCase_q_reg' in module 'addertest_4'
---------------------------------------------------------------------------------------------------
                   State |                     New Encoding |                Previous Encoding 
---------------------------------------------------------------------------------------------------
          START_testCase |                       0000000001 |                             0000
            PPP_testCase |                       0000000010 |                             0001
            PPN_testCase |                       0000000100 |                             0010
            PNN_testCase |                       0000001000 |                             0011
            PPV_testCase |                       0000010000 |                             0100
            PNV_testCase |                       0000100000 |                             0101
            PP0_testCase |                       0001000000 |                             0110
            ERR_testCase |                       0010000000 |                             0111
    ERROR_STATE_testCase |                       0100000000 |                             1001
            END_testCase |                       1000000000 |                             1000
---------------------------------------------------------------------------------------------------
INFO: [Synth 8-3354] encoded FSM with state register 'M_testCase_q_reg' using encoding 'one-hot' in module 'addertest_4'
---------------------------------------------------------------------------------
Finished RTL Optimization Phase 2 : Time (s): cpu = 00:00:19 ; elapsed = 00:00:21 . Memory (MB): peak = 1000.762 ; gain = 0.000
---------------------------------------------------------------------------------
---------------------------------------------------------------------------------
Start RTL Component Statistics 
---------------------------------------------------------------------------------
Detailed RTL Component Info : 
+---Adders : 
	   2 Input   18 Bit       Adders := 1     
	   3 Input   16 Bit       Adders := 1     
	   2 Input    1 Bit       Adders := 1     
+---XORs : 
	   2 Input      1 Bit         XORs := 2     
+---Registers : 
	               18 Bit    Registers := 1     
	               16 Bit    Registers := 1     
	                8 Bit    Registers := 2     
	                4 Bit    Registers := 1     
	                2 Bit    Registers := 5     
	                1 Bit    Registers := 2     
+---Muxes : 
	   2 Input   18 Bit        Muxes := 1     
	   2 Input   16 Bit        Muxes := 1     
	  10 Input   16 Bit        Muxes := 4     
	  10 Input   10 Bit        Muxes := 1     
	   2 Input   10 Bit        Muxes := 8     
	  10 Input    8 Bit        Muxes := 6     
	   4 Input    4 Bit        Muxes := 1     
	   2 Input    1 Bit        Muxes := 8     
	  10 Input    1 Bit        Muxes := 3     
---------------------------------------------------------------------------------
Finished RTL Component Statistics 
---------------------------------------------------------------------------------
---------------------------------------------------------------------------------
Start Part Resource Summary
---------------------------------------------------------------------------------
Part Resources:
DSPs: 90 (col length:60)
BRAMs: 100 (col length: RAMB18 60 RAMB36 30)
---------------------------------------------------------------------------------
Finished Part Resource Summary
---------------------------------------------------------------------------------
---------------------------------------------------------------------------------
Start Cross Boundary and Area Optimization
---------------------------------------------------------------------------------
---------------------------------------------------------------------------------
Finished Cross Boundary and Area Optimization : Time (s): cpu = 00:00:24 ; elapsed = 00:00:26 . Memory (MB): peak = 1000.762 ; gain = 0.000
---------------------------------------------------------------------------------
---------------------------------------------------------------------------------
Start Applying XDC Timing Constraints
---------------------------------------------------------------------------------
---------------------------------------------------------------------------------
Finished Applying XDC Timing Constraints : Time (s): cpu = 00:00:33 ; elapsed = 00:00:35 . Memory (MB): peak = 1000.762 ; gain = 0.000
---------------------------------------------------------------------------------
---------------------------------------------------------------------------------
Start Timing Optimization
---------------------------------------------------------------------------------
---------------------------------------------------------------------------------
Finished Timing Optimization : Time (s): cpu = 00:00:34 ; elapsed = 00:00:36 . Memory (MB): peak = 1000.762 ; gain = 0.000
---------------------------------------------------------------------------------
---------------------------------------------------------------------------------
Start Technology Mapping
---------------------------------------------------------------------------------
---------------------------------------------------------------------------------
Finished Technology Mapping : Time (s): cpu = 00:00:35 ; elapsed = 00:00:36 . Memory (MB): peak = 1000.762 ; gain = 0.000
---------------------------------------------------------------------------------
---------------------------------------------------------------------------------
Start IO Insertion
---------------------------------------------------------------------------------
---------------------------------------------------------------------------------
Start Flattening Before IO Insertion
---------------------------------------------------------------------------------
---------------------------------------------------------------------------------
Finished Flattening Before IO Insertion
---------------------------------------------------------------------------------
---------------------------------------------------------------------------------
Start Final Netlist Cleanup
---------------------------------------------------------------------------------
---------------------------------------------------------------------------------
Finished Final Netlist Cleanup
---------------------------------------------------------------------------------
---------------------------------------------------------------------------------
Finished IO Insertion : Time (s): cpu = 00:00:40 ; elapsed = 00:00:42 . Memory (MB): peak = 1000.762 ; gain = 0.000
---------------------------------------------------------------------------------
---------------------------------------------------------------------------------
Start Renaming Generated Instances
---------------------------------------------------------------------------------
---------------------------------------------------------------------------------
Finished Renaming Generated Instances : Time (s): cpu = 00:00:40 ; elapsed = 00:00:42 . Memory (MB): peak = 1000.762 ; gain = 0.000
---------------------------------------------------------------------------------
---------------------------------------------------------------------------------
Start Rebuilding User Hierarchy
---------------------------------------------------------------------------------
---------------------------------------------------------------------------------
Finished Rebuilding User Hierarchy : Time (s): cpu = 00:00:40 ; elapsed = 00:00:42 . Memory (MB): peak = 1000.762 ; gain = 0.000
---------------------------------------------------------------------------------
---------------------------------------------------------------------------------
Start Renaming Generated Ports
---------------------------------------------------------------------------------
---------------------------------------------------------------------------------
Finished Renaming Generated Ports : Time (s): cpu = 00:00:40 ; elapsed = 00:00:42 . Memory (MB): peak = 1000.762 ; gain = 0.000
---------------------------------------------------------------------------------
---------------------------------------------------------------------------------
Start Handling Custom Attributes
---------------------------------------------------------------------------------
---------------------------------------------------------------------------------
Finished Handling Custom Attributes : Time (s): cpu = 00:00:40 ; elapsed = 00:00:42 . Memory (MB): peak = 1000.762 ; gain = 0.000
---------------------------------------------------------------------------------
---------------------------------------------------------------------------------
Start Renaming Generated Nets
---------------------------------------------------------------------------------
---------------------------------------------------------------------------------
Finished Renaming Generated Nets : Time (s): cpu = 00:00:40 ; elapsed = 00:00:42 . Memory (MB): peak = 1000.762 ; gain = 0.000
---------------------------------------------------------------------------------
---------------------------------------------------------------------------------
Start Writing Synthesis Report
---------------------------------------------------------------------------------

Report BlackBoxes: 
+-+--------------+----------+
| |BlackBox name |Instances |
+-+--------------+----------+
+-+--------------+----------+

Report Cell Usage: 
+------+-------+------+
|      |Cell   |Count |
+------+-------+------+
|1     |BUFG   |     1|
|2     |CARRY4 |    19|
|3     |LUT1   |     7|
|4     |LUT2   |    41|
|5     |LUT3   |    11|
|6     |LUT4   |    32|
|7     |LUT5   |    35|
|8     |LUT6   |    58|
|9     |FDRE   |   102|
|10    |FDSE   |     5|
|11    |IBUF   |     8|
|12    |OBUF   |    45|
+------+-------+------+
---------------------------------------------------------------------------------
Finished Writing Synthesis Report : Time (s): cpu = 00:00:40 ; elapsed = 00:00:42 . Memory (MB): peak = 1000.762 ; gain = 0.000
---------------------------------------------------------------------------------
Synthesis finished with 0 errors, 0 critical warnings and 0 warnings.
Synthesis Optimization Runtime : Time (s): cpu = 00:00:29 ; elapsed = 00:00:39 . Memory (MB): peak = 1000.762 ; gain = 0.000
Synthesis Optimization Complete : Time (s): cpu = 00:00:41 ; elapsed = 00:00:42 . Memory (MB): peak = 1000.762 ; gain = 0.000
INFO: [Project 1-571] Translating synthesized netlist
Netlist sorting complete. Time (s): cpu = 00:00:00 ; elapsed = 00:00:00.004 . Memory (MB): peak = 1000.762 ; gain = 0.000
INFO: [Netlist 29-17] Analyzing 19 Unisim elements for replacement
INFO: [Netlist 29-28] Unisim Transformation completed in 0 CPU seconds
INFO: [Project 1-570] Preparing netlist for logic optimization
INFO: [Opt 31-138] Pushed 0 inverter(s) to 0 load pin(s).
Netlist sorting complete. Time (s): cpu = 00:00:00 ; elapsed = 00:00:00 . Memory (MB): peak = 1000.762 ; gain = 0.000
INFO: [Project 1-111] Unisim Transformation Summary:
No Unisim elements were transformed.

INFO: [Common 17-83] Releasing license: Synthesis
42 Infos, 0 Warnings, 0 Critical Warnings and 0 Errors encountered.
synth_design completed successfully
synth_design: Time (s): cpu = 00:00:49 ; elapsed = 00:00:52 . Memory (MB): peak = 1000.762 ; gain = 0.000
INFO: [Common 17-1381] The checkpoint 'C:/Users/cajhm/OneDrive - Singapore University of Technology and Design/Y2T4/comp struct 50.002/fpgaT4/adder16/work/vivado/adder16/adder16.runs/synth_1/au_top_0.dcp' has been generated.
INFO: [runtcl-4] Executing : report_utilization -file au_top_0_utilization_synth.rpt -pb au_top_0_utilization_synth.pb
INFO: [Common 17-206] Exiting Vivado at Tue Mar  8 16:50:48 2022...
